<?xml version="1.0" encoding="UTF-8"?>
<!-- Generated by org.testng.reporters.JUnitReportReporter -->
<testsuite hostname="DESKTOP-SO47UB2" failures="0" tests="2" name="qaclickacamedy.Mavenjava.RESTAPITest" time="0.002" errors="0" timestamp="2021-12-21T14:28:45 CET" skipped="0">
  <testcase classname="qaclickacamedy.Mavenjava.RESTAPITest" name="deleteTwitter" time="0.001"/>
  <system-out/>
  <testcase classname="qaclickacamedy.Mavenjava.RESTAPITest" name="postJira" time="0.001"/>
  <system-out/>
</testsuite> <!-- qaclickacamedy.Mavenjava.RESTAPITest -->
