<?xml version="1.0" encoding="UTF-8"?>
<!-- Generated by org.testng.reporters.JUnitReportReporter -->
<testsuite hostname="DESKTOP-SO47UB2" failures="0" tests="2" name="qaclickacamedy.Mavenjava.SeleniumTest" time="0.005" errors="0" timestamp="2021-12-21T14:28:45 CET" skipped="0">
  <testcase classname="qaclickacamedy.Mavenjava.SeleniumTest" name="BrowserAUtomation" time="0.002"/>
  <system-out/>
  <testcase classname="qaclickacamedy.Mavenjava.SeleniumTest" name="elementsUi" time="0.003"/>
  <system-out/>
</testsuite> <!-- qaclickacamedy.Mavenjava.SeleniumTest -->
